Using pre-set license
Built from '2020.3/staging' branch; Version is '2020.3.4f1 (0abb6314276a) revision 703331'; Using compiler version '192528614'; Build Type 'Release'
OS: 'Windows 10 Pro; OS build 19042.985; Version 2009; 64bit' Language: 'en' Physical Memory: 7981 MB
BatchMode: 1, IsHumanControllingUs: 0, StartBugReporterOnCrash: 0, Is64bit: 1, IsPro: 0

 COMMAND LINE ARGUMENTS:
C:\Program Files\Unity\Hub\Editor\2020.3.4f1\Editor\Unity.exe
-adb2
-batchMode
-noUpm
-name
AssetImportWorker0
-projectPath
C:/Users/Burak/Desktop/Desktop/Burak/Games/Enemy AI
-logFile
Logs/AssetImportWorker0.log
-srvPort
49870
Successfully changed project path to: C:/Users/Burak/Desktop/Desktop/Burak/Games/Enemy AI
C:/Users/Burak/Desktop/Desktop/Burak/Games/Enemy AI
Using Asset Import Pipeline V2.
Refreshing native plugins compatible for Editor in 31.29 ms, found 1 plugins.
Preloading 0 native plugins for Editor in 0.00 ms.
Initialize engine version: 2020.3.4f1 (0abb6314276a)
[Subsystems] Discovering subsystems at path C:/Program Files/Unity/Hub/Editor/2020.3.4f1/Editor/Data/Resources/UnitySubsystems
[Subsystems] Discovering subsystems at path C:/Users/Burak/Desktop/Desktop/Burak/Games/Enemy AI/Assets
GfxDevice: creating device client; threaded=0
Direct3D:
    Version:  Direct3D 11.0 [level 11.1]
    Renderer: NVIDIA GeForce GTX 1650 Ti (ID=0x1f95)
    Vendor:   
    VRAM:     3962 MB
    Driver:   27.21.14.6627
Initialize mono
Mono path[0] = 'C:/Program Files/Unity/Hub/Editor/2020.3.4f1/Editor/Data/Managed'
Mono path[1] = 'C:/Program Files/Unity/Hub/Editor/2020.3.4f1/Editor/Data/MonoBleedingEdge/lib/mono/unityjit'
Mono config path = 'C:/Program Files/Unity/Hub/Editor/2020.3.4f1/Editor/Data/MonoBleedingEdge/etc'
Using monoOptions --debugger-agent=transport=dt_socket,embedding=1,server=y,suspend=n,address=127.0.0.1:56320
Begin MonoManager ReloadAssembly
Registering precompiled unity dll's ...
Register platform support module: C:/Program Files/Unity/Hub/Editor/2020.3.4f1/Editor/Data/PlaybackEngines/WindowsStandaloneSupport/UnityEditor.WindowsStandalone.Extensions.dll
Registered in 0.001475 seconds.
Native extension for WindowsStandalone target not found
Refreshing native plugins compatible for Editor in 38.86 ms, found 1 plugins.
Preloading 0 native plugins for Editor in 0.00 ms.
Mono: successfully reloaded assembly
- Completed reload, in  0.943 seconds
Platform modules already initialized, skipping
Registering precompiled user dll's ...
Registered in 0.000965 seconds.
Begin MonoManager ReloadAssembly
Native extension for WindowsStandalone target not found
Refreshing native plugins compatible for Editor in 57.47 ms, found 1 plugins.
Preloading 0 native plugins for Editor in 0.00 ms.
Mono: successfully reloaded assembly
- Completed reload, in  0.944 seconds
Platform modules already initialized, skipping
========================================================================
Worker process is ready to serve import requests
Launched and connected shader compiler UnityShaderCompiler.exe after 0.04 seconds
Refreshing native plugins compatible for Editor in 0.61 ms, found 1 plugins.
Preloading 0 native plugins for Editor in 0.00 ms.
Unloading 1808 Unused Serialized files (Serialized files now loaded: 0)
System memory in use before: 84.8 MB.
System memory in use after: 84.8 MB.

Unloading 24 unused Assets to reduce memory usage. Loaded Objects now: 2250.
Total: 2.283400 ms (FindLiveObjects: 0.245300 ms CreateObjectMapping: 0.100500 ms MarkObjects: 1.812100 ms  DeleteObjects: 0.123900 ms)

========================================================================
Received Import Request.
  path: Assets
  artifactKey: Guid(00000000000000001000000000000000) Importer(815301076,1909f56bfc062723c751e8b465ee728b)
Start importing Assets using Guid(00000000000000001000000000000000) Importer(815301076,1909f56bfc062723c751e8b465ee728b)  -> (artifact id: '025e4f587c23674256bb898581e82961') in 0.007883 seconds
  Import took 0.011424 seconds .

========================================================================
Received Import Request.
  Time since last request: 509.120593 seconds.
  path: Assets/Objects.png
  artifactKey: Guid(534aecf81b151e24ca9d63faf8ef32c2) Importer(815301076,1909f56bfc062723c751e8b465ee728b)
Start importing Assets/Objects.png using Guid(534aecf81b151e24ca9d63faf8ef32c2) Importer(815301076,1909f56bfc062723c751e8b465ee728b)  -> (artifact id: '0cb27e12c74f42f8cf80881444a5f8d1') in 0.144265 seconds
  Import took 0.147976 seconds .

========================================================================
Received Import Request.
  Time since last request: 20.418067 seconds.
  path: Assets/Objects.png
  artifactKey: Guid(534aecf81b151e24ca9d63faf8ef32c2) Importer(815301076,1909f56bfc062723c751e8b465ee728b)
Start importing Assets/Objects.png using Guid(534aecf81b151e24ca9d63faf8ef32c2) Importer(815301076,1909f56bfc062723c751e8b465ee728b)  -> (artifact id: '2296348ca1f830f0ceecc3e7b423f38c') in 0.027314 seconds
  Import took 0.031758 seconds .

========================================================================
Received Import Request.
  Time since last request: 3.890860 seconds.
  path: Assets/Objects.png
  artifactKey: Guid(534aecf81b151e24ca9d63faf8ef32c2) Importer(815301076,1909f56bfc062723c751e8b465ee728b)
Start importing Assets/Objects.png using Guid(534aecf81b151e24ca9d63faf8ef32c2) Importer(815301076,1909f56bfc062723c751e8b465ee728b)  -> (artifact id: '0f4081c7ddf0ec44bea3f0133b184b55') in 0.030959 seconds
  Import took 0.035269 seconds .

========================================================================
Received Import Request.
  Time since last request: 99.457363 seconds.
  path: Assets/EnemyController.cs
  artifactKey: Guid(e3d7d08e06ea7e34c9c21f190cd1d90d) Importer(815301076,1909f56bfc062723c751e8b465ee728b)
Start importing Assets/EnemyController.cs using Guid(e3d7d08e06ea7e34c9c21f190cd1d90d) Importer(815301076,1909f56bfc062723c751e8b465ee728b)  -> (artifact id: 'efc81c4475f1660cf788538003028b43') in 0.015536 seconds
  Import took 0.019559 seconds .

========================================================================
Received Prepare
Registering precompiled user dll's ...
Registered in 0.000754 seconds.
Begin MonoManager ReloadAssembly
Native extension for WindowsStandalone target not found
Refreshing native plugins compatible for Editor in 0.52 ms, found 1 plugins.
Preloading 0 native plugins for Editor in 0.00 ms.
Mono: successfully reloaded assembly
- Completed reload, in  0.876 seconds
Platform modules already initialized, skipping
Refreshing native plugins compatible for Editor in 0.33 ms, found 1 plugins.
Preloading 0 native plugins for Editor in 0.00 ms.
Unloading 1804 Unused Serialized files (Serialized files now loaded: 0)
System memory in use before: 87.9 MB.
System memory in use after: 87.9 MB.

Unloading 12 unused Assets to reduce memory usage. Loaded Objects now: 2267.
Total: 1.979100 ms (FindLiveObjects: 0.289000 ms CreateObjectMapping: 0.116900 ms MarkObjects: 1.460700 ms  DeleteObjects: 0.111100 ms)

========================================================================
Received Prepare
Registering precompiled user dll's ...
Registered in 0.000797 seconds.
Begin MonoManager ReloadAssembly
Native extension for WindowsStandalone target not found
Refreshing native plugins compatible for Editor in 0.35 ms, found 1 plugins.
Preloading 0 native plugins for Editor in 0.00 ms.
Mono: successfully reloaded assembly
- Completed reload, in  0.786 seconds
Platform modules already initialized, skipping
Refreshing native plugins compatible for Editor in 0.37 ms, found 1 plugins.
Preloading 0 native plugins for Editor in 0.00 ms.
Unloading 1804 Unused Serialized files (Serialized files now loaded: 0)
System memory in use before: 87.9 MB.
System memory in use after: 87.9 MB.

Unloading 12 unused Assets to reduce memory usage. Loaded Objects now: 2271.
Total: 1.903300 ms (FindLiveObjects: 0.261700 ms CreateObjectMapping: 0.093500 ms MarkObjects: 1.450000 ms  DeleteObjects: 0.097000 ms)

========================================================================
Received Prepare
Registering precompiled user dll's ...
Registered in 0.000816 seconds.
Begin MonoManager ReloadAssembly
Native extension for WindowsStandalone target not found
Refreshing native plugins compatible for Editor in 0.35 ms, found 1 plugins.
Preloading 0 native plugins for Editor in 0.00 ms.
Mono: successfully reloaded assembly
- Completed reload, in  0.789 seconds
Platform modules already initialized, skipping
Refreshing native plugins compatible for Editor in 0.32 ms, found 1 plugins.
Preloading 0 native plugins for Editor in 0.00 ms.
Unloading 1804 Unused Serialized files (Serialized files now loaded: 0)
System memory in use before: 87.9 MB.
System memory in use after: 87.9 MB.

Unloading 12 unused Assets to reduce memory usage. Loaded Objects now: 2275.
Total: 1.912000 ms (FindLiveObjects: 0.185100 ms CreateObjectMapping: 0.091000 ms MarkObjects: 1.540100 ms  DeleteObjects: 0.094700 ms)

========================================================================
Received Prepare
Registering precompiled user dll's ...
Registered in 0.000770 seconds.
Begin MonoManager ReloadAssembly
Native extension for WindowsStandalone target not found
Refreshing native plugins compatible for Editor in 0.35 ms, found 1 plugins.
Preloading 0 native plugins for Editor in 0.00 ms.
Mono: successfully reloaded assembly
- Completed reload, in  0.819 seconds
Platform modules already initialized, skipping
Refreshing native plugins compatible for Editor in 0.35 ms, found 1 plugins.
Preloading 0 native plugins for Editor in 0.00 ms.
Unloading 1804 Unused Serialized files (Serialized files now loaded: 0)
System memory in use before: 88.0 MB.
System memory in use after: 87.9 MB.

Unloading 12 unused Assets to reduce memory usage. Loaded Objects now: 2279.
Total: 1.933900 ms (FindLiveObjects: 0.195800 ms CreateObjectMapping: 0.077500 ms MarkObjects: 1.538700 ms  DeleteObjects: 0.120400 ms)

========================================================================
Received Prepare
Registering precompiled user dll's ...
Registered in 0.000789 seconds.
Begin MonoManager ReloadAssembly
Native extension for WindowsStandalone target not found
Refreshing native plugins compatible for Editor in 0.33 ms, found 1 plugins.
Preloading 0 native plugins for Editor in 0.00 ms.
Mono: successfully reloaded assembly
- Completed reload, in  0.742 seconds
Platform modules already initialized, skipping
Refreshing native plugins compatible for Editor in 0.33 ms, found 1 plugins.
Preloading 0 native plugins for Editor in 0.00 ms.
Unloading 1804 Unused Serialized files (Serialized files now loaded: 0)
System memory in use before: 88.0 MB.
System memory in use after: 88.0 MB.

Unloading 12 unused Assets to reduce memory usage. Loaded Objects now: 2283.
Total: 1.825700 ms (FindLiveObjects: 0.186000 ms CreateObjectMapping: 0.076800 ms MarkObjects: 1.469100 ms  DeleteObjects: 0.092500 ms)

========================================================================
Received Prepare
Registering precompiled user dll's ...
Registered in 0.000921 seconds.
Begin MonoManager ReloadAssembly
Native extension for WindowsStandalone target not found
Refreshing native plugins compatible for Editor in 0.32 ms, found 1 plugins.
Preloading 0 native plugins for Editor in 0.00 ms.
Mono: successfully reloaded assembly
- Completed reload, in  0.744 seconds
Platform modules already initialized, skipping
Refreshing native plugins compatible for Editor in 0.35 ms, found 1 plugins.
Preloading 0 native plugins for Editor in 0.00 ms.
Unloading 1804 Unused Serialized files (Serialized files now loaded: 0)
System memory in use before: 88.0 MB.
System memory in use after: 88.0 MB.

Unloading 12 unused Assets to reduce memory usage. Loaded Objects now: 2287.
Total: 1.869500 ms (FindLiveObjects: 0.269300 ms CreateObjectMapping: 0.105700 ms MarkObjects: 1.392800 ms  DeleteObjects: 0.100500 ms)

========================================================================
Received Import Request.
  Time since last request: 395.484335 seconds.
  path: Assets/EnemyController.cs
  artifactKey: Guid(e3d7d08e06ea7e34c9c21f190cd1d90d) Importer(815301076,1909f56bfc062723c751e8b465ee728b)
Start importing Assets/EnemyController.cs using Guid(e3d7d08e06ea7e34c9c21f190cd1d90d) Importer(815301076,1909f56bfc062723c751e8b465ee728b)  -> (artifact id: 'a3622b195a5cad74556ae91f6c2ec725') in 0.008733 seconds
  Import took 0.019364 seconds .

========================================================================
Received Import Request.
  Time since last request: 0.001527 seconds.
  path: Assets/EnemyController.cs
  artifactKey: Guid(e3d7d08e06ea7e34c9c21f190cd1d90d) Importer(815301076,1909f56bfc062723c751e8b465ee728b)
Start importing Assets/EnemyController.cs using Guid(e3d7d08e06ea7e34c9c21f190cd1d90d) Importer(815301076,1909f56bfc062723c751e8b465ee728b)  -> (artifact id: 'a3622b195a5cad74556ae91f6c2ec725') in 0.002778 seconds
  Import took 0.006752 seconds .

========================================================================
Received Prepare
Registering precompiled user dll's ...
Registered in 0.000732 seconds.
Begin MonoManager ReloadAssembly
Native extension for WindowsStandalone target not found
Refreshing native plugins compatible for Editor in 0.32 ms, found 1 plugins.
Preloading 0 native plugins for Editor in 0.00 ms.
Mono: successfully reloaded assembly
- Completed reload, in  0.809 seconds
Platform modules already initialized, skipping
Refreshing native plugins compatible for Editor in 0.35 ms, found 1 plugins.
Preloading 0 native plugins for Editor in 0.00 ms.
Unloading 1803 Unused Serialized files (Serialized files now loaded: 0)
System memory in use before: 88.0 MB.
System memory in use after: 88.0 MB.

Unloading 13 unused Assets to reduce memory usage. Loaded Objects now: 2290.
Total: 1.865300 ms (FindLiveObjects: 0.228300 ms CreateObjectMapping: 0.086400 ms MarkObjects: 1.442500 ms  DeleteObjects: 0.106200 ms)

========================================================================
Received Import Request.
  Time since last request: 18.093585 seconds.
  path: Assets/Objects.png
  artifactKey: Guid(534aecf81b151e24ca9d63faf8ef32c2) Importer(815301076,1909f56bfc062723c751e8b465ee728b)
Start importing Assets/Objects.png using Guid(534aecf81b151e24ca9d63faf8ef32c2) Importer(815301076,1909f56bfc062723c751e8b465ee728b)  -> (artifact id: 'ca54114852aea9899752cc7ac2107593') in 0.079197 seconds
  Import took 0.085824 seconds .

========================================================================
Received Import Request.
  Time since last request: 57.842136 seconds.
  path: Assets/Objects.png
  artifactKey: Guid(534aecf81b151e24ca9d63faf8ef32c2) Importer(815301076,1909f56bfc062723c751e8b465ee728b)
Start importing Assets/Objects.png using Guid(534aecf81b151e24ca9d63faf8ef32c2) Importer(815301076,1909f56bfc062723c751e8b465ee728b)  -> (artifact id: '5f2a7ecef796d958f1c38b45d513205a') in 0.041702 seconds
  Import took 0.046922 seconds .

========================================================================
Received Import Request.
  Time since last request: 15.162329 seconds.
  path: Assets/Objects.png
  artifactKey: Guid(534aecf81b151e24ca9d63faf8ef32c2) Importer(815301076,1909f56bfc062723c751e8b465ee728b)
Start importing Assets/Objects.png using Guid(534aecf81b151e24ca9d63faf8ef32c2) Importer(815301076,1909f56bfc062723c751e8b465ee728b)  -> (artifact id: 'c2c2c09075e7b12a8bb37e3f74a97851') in 0.023512 seconds
  Import took 0.029056 seconds .

========================================================================
Received Import Request.
  Time since last request: 51.635537 seconds.
  path: Assets/Objects.png
  artifactKey: Guid(534aecf81b151e24ca9d63faf8ef32c2) Importer(815301076,1909f56bfc062723c751e8b465ee728b)
Start importing Assets/Objects.png using Guid(534aecf81b151e24ca9d63faf8ef32c2) Importer(815301076,1909f56bfc062723c751e8b465ee728b)  -> (artifact id: '8e65be5544af567f01c37ba9f6571c62') in 0.048326 seconds
  Import took 0.052834 seconds .

========================================================================
Received Import Request.
  Time since last request: 5.127972 seconds.
  path: Assets/Objects.png
  artifactKey: Guid(534aecf81b151e24ca9d63faf8ef32c2) Importer(815301076,1909f56bfc062723c751e8b465ee728b)
Start importing Assets/Objects.png using Guid(534aecf81b151e24ca9d63faf8ef32c2) Importer(815301076,1909f56bfc062723c751e8b465ee728b)  -> (artifact id: '79fae8d8898048a255f3b118b35b9b84') in 0.050739 seconds
  Import took 0.057198 seconds .

========================================================================
Received Import Request.
  Time since last request: 90.100092 seconds.
  path: Assets/Enemy.cs
  artifactKey: Guid(3d16cee8c99efd14faab47589d421453) Importer(815301076,1909f56bfc062723c751e8b465ee728b)
Start importing Assets/Enemy.cs using Guid(3d16cee8c99efd14faab47589d421453) Importer(815301076,1909f56bfc062723c751e8b465ee728b)  -> (artifact id: 'c3f66521d32688ebd9b53e3feb691976') in 0.006873 seconds
  Import took 0.012138 seconds .

========================================================================
Received Prepare
Registering precompiled user dll's ...
Registered in 0.001030 seconds.
Begin MonoManager ReloadAssembly
Native extension for WindowsStandalone target not found
Refreshing native plugins compatible for Editor in 0.32 ms, found 1 plugins.
Preloading 0 native plugins for Editor in 0.00 ms.
Mono: successfully reloaded assembly
- Completed reload, in  0.767 seconds
Platform modules already initialized, skipping
Refreshing native plugins compatible for Editor in 0.31 ms, found 1 plugins.
Preloading 0 native plugins for Editor in 0.00 ms.
Unloading 1804 Unused Serialized files (Serialized files now loaded: 0)
System memory in use before: 88.0 MB.
System memory in use after: 88.0 MB.

Unloading 12 unused Assets to reduce memory usage. Loaded Objects now: 2296.
Total: 4.531800 ms (FindLiveObjects: 0.366000 ms CreateObjectMapping: 0.174100 ms MarkObjects: 3.759100 ms  DeleteObjects: 0.230600 ms)

========================================================================
Received Prepare
Registering precompiled user dll's ...
Registered in 0.000780 seconds.
Begin MonoManager ReloadAssembly
Native extension for WindowsStandalone target not found
Refreshing native plugins compatible for Editor in 0.33 ms, found 1 plugins.
Preloading 0 native plugins for Editor in 0.00 ms.
Mono: successfully reloaded assembly
- Completed reload, in  0.793 seconds
Platform modules already initialized, skipping
Refreshing native plugins compatible for Editor in 0.32 ms, found 1 plugins.
Preloading 0 native plugins for Editor in 0.00 ms.
Unloading 1804 Unused Serialized files (Serialized files now loaded: 0)
System memory in use before: 88.0 MB.
System memory in use after: 88.0 MB.

Unloading 12 unused Assets to reduce memory usage. Loaded Objects now: 2300.
Total: 5.367700 ms (FindLiveObjects: 0.961500 ms CreateObjectMapping: 0.349900 ms MarkObjects: 3.865500 ms  DeleteObjects: 0.188000 ms)

========================================================================
Received Prepare
Registering precompiled user dll's ...
Registered in 0.001267 seconds.
Begin MonoManager ReloadAssembly
Native extension for WindowsStandalone target not found
Refreshing native plugins compatible for Editor in 0.32 ms, found 1 plugins.
Preloading 0 native plugins for Editor in 0.00 ms.
Mono: successfully reloaded assembly
- Completed reload, in  0.799 seconds
Platform modules already initialized, skipping
Refreshing native plugins compatible for Editor in 0.32 ms, found 1 plugins.
Preloading 0 native plugins for Editor in 0.00 ms.
Unloading 1804 Unused Serialized files (Serialized files now loaded: 0)
System memory in use before: 88.0 MB.
System memory in use after: 88.0 MB.

Unloading 12 unused Assets to reduce memory usage. Loaded Objects now: 2304.
Total: 1.958100 ms (FindLiveObjects: 0.243100 ms CreateObjectMapping: 0.076700 ms MarkObjects: 1.537600 ms  DeleteObjects: 0.099200 ms)

========================================================================
Received Prepare
Registering precompiled user dll's ...
Registered in 0.000744 seconds.
Begin MonoManager ReloadAssembly
Native extension for WindowsStandalone target not found
Refreshing native plugins compatible for Editor in 0.73 ms, found 1 plugins.
Preloading 0 native plugins for Editor in 0.00 ms.
Mono: successfully reloaded assembly
- Completed reload, in  0.762 seconds
Platform modules already initialized, skipping
Refreshing native plugins compatible for Editor in 0.33 ms, found 1 plugins.
Preloading 0 native plugins for Editor in 0.00 ms.
Unloading 1804 Unused Serialized files (Serialized files now loaded: 0)
System memory in use before: 88.1 MB.
System memory in use after: 88.0 MB.

Unloading 12 unused Assets to reduce memory usage. Loaded Objects now: 2308.
Total: 2.147400 ms (FindLiveObjects: 0.384700 ms CreateObjectMapping: 0.140400 ms MarkObjects: 1.523500 ms  DeleteObjects: 0.097300 ms)

========================================================================
Received Prepare
Registering precompiled user dll's ...
Registered in 0.001106 seconds.
Begin MonoManager ReloadAssembly
Native extension for WindowsStandalone target not found
Refreshing native plugins compatible for Editor in 0.32 ms, found 1 plugins.
Preloading 0 native plugins for Editor in 0.00 ms.
Mono: successfully reloaded assembly
- Completed reload, in  0.787 seconds
Platform modules already initialized, skipping
Refreshing native plugins compatible for Editor in 0.32 ms, found 1 plugins.
Preloading 0 native plugins for Editor in 0.00 ms.
Unloading 1804 Unused Serialized files (Serialized files now loaded: 0)
System memory in use before: 88.1 MB.
System memory in use after: 88.0 MB.

Unloading 12 unused Assets to reduce memory usage. Loaded Objects now: 2312.
Total: 5.806500 ms (FindLiveObjects: 0.484800 ms CreateObjectMapping: 0.254600 ms MarkObjects: 4.756200 ms  DeleteObjects: 0.307900 ms)

========================================================================
Received Prepare
Registering precompiled user dll's ...
Registered in 0.000853 seconds.
Begin MonoManager ReloadAssembly
Native extension for WindowsStandalone target not found
Refreshing native plugins compatible for Editor in 0.35 ms, found 1 plugins.
Preloading 0 native plugins for Editor in 0.00 ms.
Mono: successfully reloaded assembly
- Completed reload, in  0.803 seconds
Platform modules already initialized, skipping
Refreshing native plugins compatible for Editor in 0.32 ms, found 1 plugins.
Preloading 0 native plugins for Editor in 0.00 ms.
Unloading 1804 Unused Serialized files (Serialized files now loaded: 0)
System memory in use before: 88.1 MB.
System memory in use after: 88.0 MB.

Unloading 12 unused Assets to reduce memory usage. Loaded Objects now: 2316.
Total: 5.380800 ms (FindLiveObjects: 0.464600 ms CreateObjectMapping: 0.235200 ms MarkObjects: 4.463000 ms  DeleteObjects: 0.215200 ms)

========================================================================
Received Prepare
Registering precompiled user dll's ...
Registered in 0.000823 seconds.
Begin MonoManager ReloadAssembly
Native extension for WindowsStandalone target not found
Refreshing native plugins compatible for Editor in 0.90 ms, found 1 plugins.
Preloading 0 native plugins for Editor in 0.00 ms.
Mono: successfully reloaded assembly
- Completed reload, in  0.785 seconds
Platform modules already initialized, skipping
Refreshing native plugins compatible for Editor in 0.31 ms, found 1 plugins.
Preloading 0 native plugins for Editor in 0.00 ms.
Unloading 1804 Unused Serialized files (Serialized files now loaded: 0)
System memory in use before: 88.1 MB.
System memory in use after: 88.1 MB.

Unloading 12 unused Assets to reduce memory usage. Loaded Objects now: 2320.
Total: 5.339300 ms (FindLiveObjects: 0.441100 ms CreateObjectMapping: 0.209500 ms MarkObjects: 4.425700 ms  DeleteObjects: 0.259800 ms)

========================================================================
Received Prepare
Registering precompiled user dll's ...
Registered in 0.000814 seconds.
Begin MonoManager ReloadAssembly
Native extension for WindowsStandalone target not found
Refreshing native plugins compatible for Editor in 0.34 ms, found 1 plugins.
Preloading 0 native plugins for Editor in 0.00 ms.
Mono: successfully reloaded assembly
- Completed reload, in  0.773 seconds
Platform modules already initialized, skipping
Refreshing native plugins compatible for Editor in 0.34 ms, found 1 plugins.
Preloading 0 native plugins for Editor in 0.00 ms.
Unloading 1804 Unused Serialized files (Serialized files now loaded: 0)
System memory in use before: 88.1 MB.
System memory in use after: 88.1 MB.

Unloading 12 unused Assets to reduce memory usage. Loaded Objects now: 2324.
Total: 1.910100 ms (FindLiveObjects: 0.203300 ms CreateObjectMapping: 0.074300 ms MarkObjects: 1.531800 ms  DeleteObjects: 0.099300 ms)

========================================================================
Received Prepare
Registering precompiled user dll's ...
Registered in 0.000740 seconds.
Begin MonoManager ReloadAssembly
Native extension for WindowsStandalone target not found
Refreshing native plugins compatible for Editor in 0.35 ms, found 1 plugins.
Preloading 0 native plugins for Editor in 0.00 ms.
Mono: successfully reloaded assembly
- Completed reload, in  0.721 seconds
Platform modules already initialized, skipping
Refreshing native plugins compatible for Editor in 0.33 ms, found 1 plugins.
Preloading 0 native plugins for Editor in 0.00 ms.
Unloading 1804 Unused Serialized files (Serialized files now loaded: 0)
System memory in use before: 88.1 MB.
System memory in use after: 88.1 MB.

Unloading 12 unused Assets to reduce memory usage. Loaded Objects now: 2328.
Total: 1.925400 ms (FindLiveObjects: 0.264400 ms CreateObjectMapping: 0.080800 ms MarkObjects: 1.482200 ms  DeleteObjects: 0.096400 ms)

========================================================================
Received Prepare
Registering precompiled user dll's ...
Registered in 0.000738 seconds.
Begin MonoManager ReloadAssembly
Native extension for WindowsStandalone target not found
Refreshing native plugins compatible for Editor in 0.33 ms, found 1 plugins.
Preloading 0 native plugins for Editor in 0.00 ms.
Mono: successfully reloaded assembly
- Completed reload, in  0.712 seconds
Platform modules already initialized, skipping
Refreshing native plugins compatible for Editor in 0.33 ms, found 1 plugins.
Preloading 0 native plugins for Editor in 0.00 ms.
Unloading 1804 Unused Serialized files (Serialized files now loaded: 0)
System memory in use before: 88.1 MB.
System memory in use after: 88.1 MB.

Unloading 12 unused Assets to reduce memory usage. Loaded Objects now: 2332.
Total: 1.855000 ms (FindLiveObjects: 0.199000 ms CreateObjectMapping: 0.067000 ms MarkObjects: 1.490100 ms  DeleteObjects: 0.097500 ms)

========================================================================
Received Prepare
Registering precompiled user dll's ...
Registered in 0.001120 seconds.
Begin MonoManager ReloadAssembly
Native extension for WindowsStandalone target not found
Refreshing native plugins compatible for Editor in 0.62 ms, found 1 plugins.
Preloading 0 native plugins for Editor in 0.00 ms.
Mono: successfully reloaded assembly
- Completed reload, in  0.879 seconds
Platform modules already initialized, skipping
Refreshing native plugins compatible for Editor in 0.31 ms, found 1 plugins.
Preloading 0 native plugins for Editor in 0.00 ms.
Unloading 1804 Unused Serialized files (Serialized files now loaded: 0)
System memory in use before: 88.1 MB.
System memory in use after: 88.1 MB.

Unloading 12 unused Assets to reduce memory usage. Loaded Objects now: 2336.
Total: 4.714400 ms (FindLiveObjects: 0.411200 ms CreateObjectMapping: 0.199400 ms MarkObjects: 3.871600 ms  DeleteObjects: 0.229800 ms)

AssetImportWorkerClient::OnTransportError - code=2 error=End of file
